<testsuite tests='3' results='3' failures='0' disabled='0' errors='0' time='0.891' name='behavior.logging_in'>
  <testcase classname='behavior.logging_in' name='user can login with correct password' time='0.083' />
  <testcase classname='behavior.logging_in' name='user can not login with incorrect password' time='0.014' />
  <testcase classname='behavior.logging_in' name='nonexistent user can not login to ' time='0.004' />
</testsuite>