<testsuite tests='7' results='2' failures='0' disabled='5' errors='0' time='0.236' name='behavior.new_user_creation_Story'>
  <testcase classname='behavior.new_user_creation_Story' name='creation succesfull with correct username and password' time='0.006' />
  <testcase classname='behavior.new_user_creation_Story' name='can login with succesfully generated account' time='0.005' />
  <testcase classname='behavior.new_user_creation_Story' name='creation fails with correct username and too short password' time='0.006'>
    <skipped />
  </testcase>
  <testcase classname='behavior.new_user_creation_Story' name='creation fails with correct username and pasword consisting of letters' time='0.003'>
    <skipped />
  </testcase>
  <testcase classname='behavior.new_user_creation_Story' name='creation fails with too short username and valid pasword' time='0.004'>
    <skipped />
  </testcase>
  <testcase classname='behavior.new_user_creation_Story' name='creation fails with already taken username and valid pasword' time='0.003'>
    <skipped />
  </testcase>
  <testcase classname='behavior.new_user_creation_Story' name='can not login with account that is not succesfully created' time='0.003'>
    <skipped />
  </testcase>
</testsuite>